2022-04-30 18:05:56,679 - mylogger - ERROR - you should stay some where! , find a stay in x
2022-04-30 18:06:34,068 - mylogger - ERROR - None
2022-04-30 18:09:47,307 - mylogger - ERROR - Not enough time to reach x
2022-04-30 18:26:09,967 - mylogger - ERROR - Not enough time to reach x
2022-04-30 18:26:46,499 - mylogger - ERROR - Not enough time to reach x
2022-04-30 18:26:46,499 - mylogger - ERROR - Not enough time to reach x
2022-04-30 18:26:52,331 - mylogger - ERROR - Not enough time to reach x
2022-04-30 18:26:52,331 - mylogger - ERROR - Not enough time to reach x
2022-04-30 18:26:52,331 - mylogger - ERROR - Not enough time to reach x
2022-04-30 18:28:07,311 - mylogger - ERROR - Not enough time to reach x
2022-04-30 18:28:54,960 - mylogger - ERROR - Not enough time (14.0 minutes)to reach x
2022-04-30 18:36:40,803 - mylogger - ERROR - Not enough time (14.0 minutes) to reach x
2022-04-30 18:36:49,422 - mylogger - ERROR - Not enough time (14.0 minutes) to reach x
2022-04-30 18:36:49,422 - mylogger - ERROR - Not enough time (14.0 minutes) to reach x
2022-04-30 18:38:21,946 - mylogger - ERROR - Not enough time (74.0 minutes) for Transitions
2022-04-30 18:38:35,618 - mylogger - ERROR - Not enough time (120.0 minutes) for Transitions
2022-04-30 18:38:35,618 - mylogger - ERROR - Not enough time (120.0 minutes) for Transitions
2022-04-30 18:40:03,046 - mylogger - ERROR - Not enough time (2.0 hours 0.0 minutes) for Transitions
2022-04-30 18:40:07,742 - mylogger - ERROR - Not enough time (1.9833333333333334 hours 59.0 minutes) for Transitions
2022-04-30 18:40:07,742 - mylogger - ERROR - Not enough time (1.9833333333333334 hours 59.0 minutes) for Transitions
2022-04-30 18:40:52,989 - mylogger - ERROR - Not enough time (1 hours 59 minutes) for Transitions
2022-04-30 18:41:01,394 - mylogger - ERROR - Not enough time (1 hours 55 minutes) for Transitions
2022-04-30 18:41:01,394 - mylogger - ERROR - Not enough time (1 hours 55 minutes) for Transitions
2022-04-30 18:41:21,194 - mylogger - ERROR - Not enough time (0 hours 38 minutes) for Transitions
2022-04-30 18:41:21,194 - mylogger - ERROR - Not enough time (0 hours 38 minutes) for Transitions
2022-04-30 18:41:21,194 - mylogger - ERROR - Not enough time (0 hours 38 minutes) for Transitions
2022-04-30 18:43:49,942 - mylogger - ERROR - Not enough time (0 hours 38 minutes) for Transitions
2022-04-30 18:43:59,742 - mylogger - ERROR - Not enough time (0 hours 38 minutes) for Transitions
2022-04-30 18:43:59,742 - mylogger - ERROR - Not enough time (0 hours 38 minutes) for Transitions
